C:\Program Files (x86)\Microsoft Visual Studio\2017\Community\Common7\IDE\VC\VCTargets\Microsoft.CppBuild.targets(391,5): warning MSB8028: The intermediate directory (x64\Release\) contains files shared from another project (Tutorial 3.vcxproj).  This can lead to incorrect clean and rebuild behavior.
  VisualDebugger.cpp
c:\users\student\desktop\physx_assignment_15595673\medirugby\myphysicsengine.h(439): warning C4101: 'rball2': unreferenced local variable
c:\users\student\desktop\physx_assignment_15595673\medirugby\myphysicsengine.h(439): warning C4101: 'rball4': unreferenced local variable
c:\users\student\desktop\physx_assignment_15595673\medirugby\myphysicsengine.h(439): warning C4101: 'rball5': unreferenced local variable
c:\users\student\desktop\physx_assignment_15595673\medirugby\myphysicsengine.h(439): warning C4101: 'rball3': unreferenced local variable
c:\users\student\desktop\physx_assignment_15595673\medirugby\myphysicsengine.h(461): warning C4244: 'argument': conversion from 'int' to 'physx::PxReal', possible loss of data
c:\users\student\desktop\physx_assignment_15595673\medirugby\myphysicsengine.h(465): warning C4244: 'argument': conversion from 'int' to 'physx::PxReal', possible loss of data
c:\users\student\desktop\physx_assignment_15595673\medirugby\myphysicsengine.h(469): warning C4244: 'argument': conversion from 'int' to 'physx::PxReal', possible loss of data
c:\users\student\desktop\physx_assignment_15595673\medirugby\myphysicsengine.h(473): warning C4244: 'argument': conversion from 'int' to 'physx::PxReal', possible loss of data
c:\users\student\desktop\physx_assignment_15595673\medirugby\myphysicsengine.h(477): warning C4244: 'argument': conversion from 'int' to 'physx::PxReal', possible loss of data
c:\users\student\desktop\physx_assignment_15595673\medirugby\myphysicsengine.h(498): warning C4244: 'argument': conversion from 'int' to 'physx::PxReal', possible loss of data
c:\users\student\desktop\physx_assignment_15595673\medirugby\myphysicsengine.h(501): warning C4244: 'argument': conversion from 'int' to 'physx::PxReal', possible loss of data
c:\users\student\desktop\physx_assignment_15595673\medirugby\myphysicsengine.h(504): warning C4244: 'argument': conversion from 'int' to 'physx::PxReal', possible loss of data
c:\users\student\desktop\physx_assignment_15595673\medirugby\myphysicsengine.h(507): warning C4244: 'argument': conversion from 'int' to 'physx::PxReal', possible loss of data
c:\users\student\desktop\physx_assignment_15595673\medirugby\myphysicsengine.h(510): warning C4244: 'argument': conversion from 'int' to 'physx::PxReal', possible loss of data
  MediRugby.cpp
c:\users\student\desktop\physx_assignment_15595673\medirugby\myphysicsengine.h(439): warning C4101: 'rball2': unreferenced local variable
c:\users\student\desktop\physx_assignment_15595673\medirugby\myphysicsengine.h(439): warning C4101: 'rball4': unreferenced local variable
c:\users\student\desktop\physx_assignment_15595673\medirugby\myphysicsengine.h(439): warning C4101: 'rball5': unreferenced local variable
c:\users\student\desktop\physx_assignment_15595673\medirugby\myphysicsengine.h(439): warning C4101: 'rball3': unreferenced local variable
c:\users\student\desktop\physx_assignment_15595673\medirugby\myphysicsengine.h(461): warning C4244: 'argument': conversion from 'int' to 'physx::PxReal', possible loss of data
c:\users\student\desktop\physx_assignment_15595673\medirugby\myphysicsengine.h(465): warning C4244: 'argument': conversion from 'int' to 'physx::PxReal', possible loss of data
c:\users\student\desktop\physx_assignment_15595673\medirugby\myphysicsengine.h(469): warning C4244: 'argument': conversion from 'int' to 'physx::PxReal', possible loss of data
c:\users\student\desktop\physx_assignment_15595673\medirugby\myphysicsengine.h(473): warning C4244: 'argument': conversion from 'int' to 'physx::PxReal', possible loss of data
c:\users\student\desktop\physx_assignment_15595673\medirugby\myphysicsengine.h(477): warning C4244: 'argument': conversion from 'int' to 'physx::PxReal', possible loss of data
c:\users\student\desktop\physx_assignment_15595673\medirugby\myphysicsengine.h(498): warning C4244: 'argument': conversion from 'int' to 'physx::PxReal', possible loss of data
c:\users\student\desktop\physx_assignment_15595673\medirugby\myphysicsengine.h(501): warning C4244: 'argument': conversion from 'int' to 'physx::PxReal', possible loss of data
c:\users\student\desktop\physx_assignment_15595673\medirugby\myphysicsengine.h(504): warning C4244: 'argument': conversion from 'int' to 'physx::PxReal', possible loss of data
c:\users\student\desktop\physx_assignment_15595673\medirugby\myphysicsengine.h(507): warning C4244: 'argument': conversion from 'int' to 'physx::PxReal', possible loss of data
c:\users\student\desktop\physx_assignment_15595673\medirugby\myphysicsengine.h(510): warning C4244: 'argument': conversion from 'int' to 'physx::PxReal', possible loss of data
  Generating code
  2 of 1137 functions ( 0.2%) were compiled, the rest were copied from previous compilation.
    0 functions were new in current compilation
    2 functions had inline decision re-evaluated but remain unchanged
  Finished generating code
  MediRugby.vcxproj -> C:\Users\Student\Desktop\PhysX_Assignment_15595673\x64\Release\MediRugby.exe
